<?xml version="1.0" encoding="UTF-8"?>
<coverage generated="1742725513624" clover="3.2.0">
  <project timestamp="1742725513624" name="All files">
    <metrics statements="47" coveredstatements="43" conditionals="8" coveredconditionals="7" methods="17" coveredmethods="15" elements="72" coveredelements="65" complexity="0" loc="47" ncloc="47" packages="2" files="3" classes="3"/>
    <package name="context">
      <metrics statements="4" coveredstatements="2" conditionals="0" coveredconditionals="0" methods="1" coveredmethods="0"/>
      <file name="Auth.tsx" path="/Users/nayanv/Desktop/my-app/src/context/Auth.tsx">
        <metrics statements="4" coveredstatements="2" conditionals="0" coveredconditionals="0" methods="1" coveredmethods="0"/>
        <line num="12" count="1" type="stmt"/>
        <line num="16" count="1" type="stmt"/>
        <line num="17" count="0" type="stmt"/>
        <line num="19" count="0" type="stmt"/>
      </file>
    </package>
    <package name="screens">
      <metrics statements="43" coveredstatements="41" conditionals="8" coveredconditionals="7" methods="16" coveredmethods="15"/>
      <file name="Home.tsx" path="/Users/nayanv/Desktop/my-app/src/screens/Home.tsx">
        <metrics statements="34" coveredstatements="32" conditionals="8" coveredconditionals="7" methods="12" coveredmethods="11"/>
        <line num="19" count="1" type="stmt"/>
        <line num="20" count="17" type="stmt"/>
        <line num="21" count="17" type="stmt"/>
        <line num="22" count="17" type="stmt"/>
        <line num="23" count="17" type="stmt"/>
        <line num="25" count="17" type="stmt"/>
        <line num="26" count="5" type="stmt"/>
        <line num="30" count="1" type="stmt"/>
        <line num="31" count="1" type="stmt"/>
        <line num="32" count="1" type="stmt"/>
        <line num="44" count="17" type="stmt"/>
        <line num="45" count="3" type="cond" truecount="1" falsecount="1"/>
        <line num="46" count="3" type="cond" truecount="2" falsecount="0"/>
        <line num="47" count="1" type="stmt"/>
        <line num="48" count="1" type="stmt"/>
        <line num="49" count="1" type="stmt"/>
        <line num="51" count="1" type="stmt"/>
        <line num="53" count="2" type="stmt"/>
        <line num="54" count="2" type="stmt"/>
        <line num="58" count="2" type="stmt"/>
        <line num="62" count="3" type="stmt"/>
        <line num="63" count="3" type="stmt"/>
        <line num="66" count="17" type="stmt"/>
        <line num="67" count="17" type="stmt"/>
        <line num="72" count="0" type="stmt"/>
        <line num="73" count="0" type="stmt"/>
        <line num="79" count="1" type="stmt"/>
        <line num="80" count="1" type="stmt"/>
        <line num="91" count="3" type="stmt"/>
        <line num="106" count="17" type="stmt"/>
        <line num="107" count="9" type="stmt"/>
        <line num="109" count="4" type="stmt"/>
        <line num="116" count="17" type="stmt"/>
        <line num="127" count="1" type="stmt"/>
      </file>
      <file name="Login.tsx" path="/Users/nayanv/Desktop/my-app/src/screens/Login.tsx">
        <metrics statements="9" coveredstatements="9" conditionals="0" coveredconditionals="0" methods="4" coveredmethods="4"/>
        <line num="5" count="1" type="stmt"/>
        <line num="6" count="6" type="stmt"/>
        <line num="7" count="6" type="stmt"/>
        <line num="9" count="6" type="stmt"/>
        <line num="11" count="6" type="stmt"/>
        <line num="30" count="1" type="stmt"/>
        <line num="38" count="1" type="stmt"/>
        <line num="45" count="1" type="stmt"/>
        <line num="53" count="1" type="stmt"/>
      </file>
    </package>
  </project>
</coverage>
