{"/Users/nayanv/Desktop/my-app/src/context/Auth.tsx": {"path":"/Users/nayanv/Desktop/my-app/src/context/Auth.tsx","statementMap":{"0":{"start":{"line":12,"column":27},"end":{"line":14,"column":1}},"1":{"start":{"line":16,"column":45},"end":{"line":24,"column":1}},"2":{"start":{"line":17,"column":26},"end":{"line":17,"column":49}},"3":{"start":{"line":19,"column":2},"end":{"line":23,"column":4}}},"fnMap":{"0":{"name":"(anonymous_0)","decl":{"start":{"line":16,"column":45},"end":{"line":16,"column":46}},"loc":{"start":{"line":16,"column":63},"end":{"line":24,"column":1}},"line":16}},"branchMap":{},"s":{"0":1,"1":1,"2":0,"3":0},"f":{"0":0},"b":{},"_coverageSchema":"1a1c01bbd47fc00a2c39e90264f33305004495a9","hash":"051e5f670406e784c570c9f6d7f57b0ca3a9d871"}
,"/Users/nayanv/Desktop/my-app/src/screens/Home.tsx": {"path":"/Users/nayanv/Desktop/my-app/src/screens/Home.tsx","statementMap":{"0":{"start":{"line":19,"column":23},"end":{"line":123,"column":1}},"1":{"start":{"line":20,"column":42},"end":{"line":20,"column":66}},"2":{"start":{"line":21,"column":26},"end":{"line":21,"column":38}},"3":{"start":{"line":22,"column":34},"end":{"line":22,"column":63}},"4":{"start":{"line":23,"column":34},"end":{"line":23,"column":58}},"5":{"start":{"line":25,"column":19},"end":{"line":42,"column":3}},"6":{"start":{"line":26,"column":4},"end":{"line":41,"column":6}},"7":{"start":{"line":30,"column":10},"end":{"line":30,"column":29}},"8":{"start":{"line":31,"column":10},"end":{"line":31,"column":29}},"9":{"start":{"line":32,"column":10},"end":{"line":32,"column":32}},"10":{"start":{"line":44,"column":22},"end":{"line":64,"column":3}},"11":{"start":{"line":45,"column":4},"end":{"line":45,"column":22}},"12":{"start":{"line":45,"column":15},"end":{"line":45,"column":22}},"13":{"start":{"line":46,"column":4},"end":{"line":60,"column":5}},"14":{"start":{"line":47,"column":6},"end":{"line":50,"column":9}},"15":{"start":{"line":48,"column":8},"end":{"line":48,"column":39}},"16":{"start":{"line":49,"column":8},"end":{"line":49,"column":24}},"17":{"start":{"line":51,"column":6},"end":{"line":51,"column":24}},"18":{"start":{"line":53,"column":6},"end":{"line":59,"column":9}},"19":{"start":{"line":54,"column":8},"end":{"line":57,"column":11}},"20":{"start":{"line":58,"column":8},"end":{"line":58,"column":24}},"21":{"start":{"line":62,"column":4},"end":{"line":62,"column":16}},"22":{"start":{"line":63,"column":4},"end":{"line":63,"column":35}},"23":{"start":{"line":66,"column":20},"end":{"line":104,"column":3}},"24":{"start":{"line":67,"column":4},"end":{"line":103,"column":12}},"25":{"start":{"line":72,"column":8},"end":{"line":72,"column":20}},"26":{"start":{"line":73,"column":8},"end":{"line":73,"column":39}},"27":{"start":{"line":79,"column":10},"end":{"line":79,"column":22}},"28":{"start":{"line":80,"column":10},"end":{"line":80,"column":33}},"29":{"start":{"line":91,"column":40},"end":{"line":91,"column":53}},"30":{"start":{"line":106,"column":20},"end":{"line":114,"column":3}},"31":{"start":{"line":107,"column":4},"end":{"line":113,"column":11}},"32":{"start":{"line":109,"column":41},"end":{"line":109,"column":62}},"33":{"start":{"line":116,"column":2},"end":{"line":122,"column":4}},"34":{"start":{"line":127,"column":15},"end":{"line":169,"column":2}}},"fnMap":{"0":{"name":"(anonymous_0)","decl":{"start":{"line":19,"column":23},"end":{"line":19,"column":24}},"loc":{"start":{"line":19,"column":29},"end":{"line":123,"column":1}},"line":19},"1":{"name":"(anonymous_1)","decl":{"start":{"line":25,"column":19},"end":{"line":25,"column":20}},"loc":{"start":{"line":25,"column":75},"end":{"line":42,"column":3}},"line":25},"2":{"name":"(anonymous_2)","decl":{"start":{"line":29,"column":17},"end":{"line":29,"column":18}},"loc":{"start":{"line":29,"column":23},"end":{"line":33,"column":9}},"line":29},"3":{"name":"(anonymous_3)","decl":{"start":{"line":44,"column":22},"end":{"line":44,"column":23}},"loc":{"start":{"line":44,"column":28},"end":{"line":64,"column":3}},"line":44},"4":{"name":"(anonymous_4)","decl":{"start":{"line":47,"column":18},"end":{"line":47,"column":19}},"loc":{"start":{"line":47,"column":32},"end":{"line":50,"column":7}},"line":47},"5":{"name":"(anonymous_5)","decl":{"start":{"line":53,"column":18},"end":{"line":53,"column":19}},"loc":{"start":{"line":53,"column":32},"end":{"line":59,"column":7}},"line":53},"6":{"name":"(anonymous_6)","decl":{"start":{"line":66,"column":20},"end":{"line":66,"column":21}},"loc":{"start":{"line":67,"column":4},"end":{"line":103,"column":12}},"line":67},"7":{"name":"(anonymous_7)","decl":{"start":{"line":71,"column":22},"end":{"line":71,"column":23}},"loc":{"start":{"line":71,"column":28},"end":{"line":74,"column":7}},"line":71},"8":{"name":"(anonymous_8)","decl":{"start":{"line":78,"column":17},"end":{"line":78,"column":18}},"loc":{"start":{"line":78,"column":23},"end":{"line":81,"column":9}},"line":78},"9":{"name":"(anonymous_9)","decl":{"start":{"line":91,"column":30},"end":{"line":91,"column":31}},"loc":{"start":{"line":91,"column":40},"end":{"line":91,"column":53}},"line":91},"10":{"name":"(anonymous_10)","decl":{"start":{"line":106,"column":20},"end":{"line":106,"column":21}},"loc":{"start":{"line":107,"column":4},"end":{"line":113,"column":11}},"line":107},"11":{"name":"(anonymous_11)","decl":{"start":{"line":109,"column":35},"end":{"line":109,"column":36}},"loc":{"start":{"line":109,"column":41},"end":{"line":109,"column":62}},"line":109}},"branchMap":{"0":{"loc":{"start":{"line":45,"column":4},"end":{"line":45,"column":22}},"type":"if","locations":[{"start":{"line":45,"column":4},"end":{"line":45,"column":22}},{"start":{},"end":{}}],"line":45},"1":{"loc":{"start":{"line":46,"column":4},"end":{"line":60,"column":5}},"type":"if","locations":[{"start":{"line":46,"column":4},"end":{"line":60,"column":5}},{"start":{"line":52,"column":11},"end":{"line":60,"column":5}}],"line":46},"2":{"loc":{"start":{"line":95,"column":25},"end":{"line":95,"column":68}},"type":"cond-expr","locations":[{"start":{"line":95,"column":44},"end":{"line":95,"column":55}},{"start":{"line":95,"column":58},"end":{"line":95,"column":68}}],"line":95},"3":{"loc":{"start":{"line":120,"column":7},"end":{"line":120,"column":35}},"type":"binary-expr","locations":[{"start":{"line":120,"column":7},"end":{"line":120,"column":20}},{"start":{"line":120,"column":24},"end":{"line":120,"column":35}}],"line":120}},"s":{"0":1,"1":17,"2":17,"3":17,"4":17,"5":17,"6":5,"7":1,"8":1,"9":1,"10":17,"11":3,"12":0,"13":3,"14":1,"15":1,"16":1,"17":1,"18":2,"19":2,"20":2,"21":3,"22":3,"23":17,"24":17,"25":0,"26":0,"27":1,"28":1,"29":3,"30":17,"31":9,"32":4,"33":17,"34":1},"f":{"0":17,"1":5,"2":1,"3":3,"4":1,"5":2,"6":17,"7":0,"8":1,"9":3,"10":9,"11":4},"b":{"0":[0,3],"1":[1,2],"2":[2,15],"3":[17,9]},"_coverageSchema":"1a1c01bbd47fc00a2c39e90264f33305004495a9","hash":"78e75726c5572821a1a7855f10096105f0f077ad"}
,"/Users/nayanv/Desktop/my-app/src/screens/Login.tsx": {"path":"/Users/nayanv/Desktop/my-app/src/screens/Login.tsx","statementMap":{"0":{"start":{"line":5,"column":14},"end":{"line":49,"column":1}},"1":{"start":{"line":6,"column":28},"end":{"line":6,"column":48}},"2":{"start":{"line":7,"column":34},"end":{"line":7,"column":54}},"3":{"start":{"line":9,"column":22},"end":{"line":9,"column":45}},"4":{"start":{"line":11,"column":2},"end":{"line":48,"column":4}},"5":{"start":{"line":30,"column":34},"end":{"line":30,"column":48}},"6":{"start":{"line":38,"column":34},"end":{"line":38,"column":51}},"7":{"start":{"line":45,"column":45},"end":{"line":45,"column":71}},"8":{"start":{"line":53,"column":15},"end":{"line":59,"column":2}}},"fnMap":{"0":{"name":"(anonymous_0)","decl":{"start":{"line":5,"column":14},"end":{"line":5,"column":15}},"loc":{"start":{"line":5,"column":20},"end":{"line":49,"column":1}},"line":5},"1":{"name":"(anonymous_1)","decl":{"start":{"line":30,"column":24},"end":{"line":30,"column":25}},"loc":{"start":{"line":30,"column":34},"end":{"line":30,"column":48}},"line":30},"2":{"name":"(anonymous_2)","decl":{"start":{"line":38,"column":24},"end":{"line":38,"column":25}},"loc":{"start":{"line":38,"column":34},"end":{"line":38,"column":51}},"line":38},"3":{"name":"(anonymous_3)","decl":{"start":{"line":45,"column":39},"end":{"line":45,"column":40}},"loc":{"start":{"line":45,"column":45},"end":{"line":45,"column":71}},"line":45}},"branchMap":{},"s":{"0":1,"1":6,"2":6,"3":6,"4":6,"5":1,"6":1,"7":1,"8":1},"f":{"0":6,"1":1,"2":1,"3":1},"b":{},"_coverageSchema":"1a1c01bbd47fc00a2c39e90264f33305004495a9","hash":"10a08a0b21c646369e1b78366f39388e6c15aee0"}
}
