TN:
SF:src/context/Auth.tsx
FN:16,(anonymous_0)
FNF:1
FNH:0
FNDA:0,(anonymous_0)
DA:12,1
DA:16,1
DA:17,0
DA:19,0
LF:4
LH:2
BRF:0
BRH:0
end_of_record
TN:
SF:src/screens/Home.tsx
FN:19,(anonymous_0)
FN:25,(anonymous_1)
FN:29,(anonymous_2)
FN:44,(anonymous_3)
FN:47,(anonymous_4)
FN:53,(anonymous_5)
FN:66,(anonymous_6)
FN:71,(anonymous_7)
FN:78,(anonymous_8)
FN:91,(anonymous_9)
FN:106,(anonymous_10)
FN:109,(anonymous_11)
FNF:12
FNH:11
FNDA:17,(anonymous_0)
FNDA:5,(anonymous_1)
FNDA:1,(anonymous_2)
FNDA:3,(anonymous_3)
FNDA:1,(anonymous_4)
FNDA:2,(anonymous_5)
FNDA:17,(anonymous_6)
FNDA:0,(anonymous_7)
FNDA:1,(anonymous_8)
FNDA:3,(anonymous_9)
FNDA:9,(anonymous_10)
FNDA:4,(anonymous_11)
DA:19,1
DA:20,17
DA:21,17
DA:22,17
DA:23,17
DA:25,17
DA:26,5
DA:30,1
DA:31,1
DA:32,1
DA:44,17
DA:45,3
DA:46,3
DA:47,1
DA:48,1
DA:49,1
DA:51,1
DA:53,2
DA:54,2
DA:58,2
DA:62,3
DA:63,3
DA:66,17
DA:67,17
DA:72,0
DA:73,0
DA:79,1
DA:80,1
DA:91,3
DA:106,17
DA:107,9
DA:109,4
DA:116,17
DA:127,1
LF:34
LH:32
BRDA:45,0,0,0
BRDA:45,0,1,3
BRDA:46,1,0,1
BRDA:46,1,1,2
BRDA:95,2,0,2
BRDA:95,2,1,15
BRDA:120,3,0,17
BRDA:120,3,1,9
BRF:8
BRH:7
end_of_record
TN:
SF:src/screens/Login.tsx
FN:5,(anonymous_0)
FN:30,(anonymous_1)
FN:38,(anonymous_2)
FN:45,(anonymous_3)
FNF:4
FNH:4
FNDA:6,(anonymous_0)
FNDA:1,(anonymous_1)
FNDA:1,(anonymous_2)
FNDA:1,(anonymous_3)
DA:5,1
DA:6,6
DA:7,6
DA:9,6
DA:11,6
DA:30,1
DA:38,1
DA:45,1
DA:53,1
LF:9
LH:9
BRF:0
BRH:0
end_of_record
